23.12743526539984
40.945847003930155
39.85308060714375
42.379127452247815
43.30036425748235
44.292488744202345
44.05085442719374
43.46274833662812
44.81983030494718
44.57610218987164
44.949519666349055
44.72468997553887
44.47785777390162
44.691662898543896
43.94486899309051
44.388305670363366
45.16694832215237
44.69266396572023
44.771945198493405
44.84905235465637
45.028170891177815
44.59721883819845
44.91636551508088
44.996839967309334
44.5440769891498
44.23968361689489
44.6795676364857
44.62491802980887
44.76330365061155
45.12934626287027
44.563708867716485
44.29183115663233
44.40994273010174
44.4607843645359
44.81272273752816
44.5411565446679
44.62103182988036
44.12078586010434
