27.138844353207087
44.48121379234832
44.111434928795234
44.81749481385104
45.481903154829666
45.92472398875064
45.314680351735596
45.39744261673674
46.50122662557569
46.32873051725466
46.862195446219296
46.7057790379848
45.95193789646314
46.62484581109152
46.27487363502244
46.64166442283865
46.7427269816418
46.309819347610706
46.50772004902045
46.655017586811354
46.86150033026918
46.39507214925472
46.72895080622748
46.61269366675236
46.4728829812899
45.97893893692877
46.77484913974242
46.518985135641614
46.53992874087775
