33.23567982781023
45.41227306940477
45.99368035160475
45.72830594195285
46.51337194395368
45.5461284558647
46.73491983212986
46.57936753246019
47.004987173676504
46.8353182398295
46.68061283675502
46.46042856886015
45.566880686476026
46.18900543866217
46.24532481820466
46.08999685028282
45.2974024050893
46.21307649793024
45.69463841805386
44.675011772348434
45.04216243250236
46.060641992607074
46.07144799015796
45.823302864652824
46.21455242879895
46.21455242879895
47.36059376319841
45.57546641539344
47.934006883388115
45.434689408396565
47.94207988440053
48.60518214626512
46.617024406519626
48.494120934566524
48.78808033433304
45.2018710139292
48.70558670540256
46.07115284024584
48.89657319204057
44.87297407838392
48.730596457900724
48.92086570240421
46.07205934158435
48.740129799452134
48.605027331162
48.605027331162
48.79855371468778
45.92286107559534
48.993994010029375
48.917030018267084
48.94766881180645
48.83110059355625
45.957146470139904
48.759323307152314
48.842778447902035
45.72099945647295
48.58247849491983
['sim_mpc: 46.4943186387985', 'sim_vhyb: 48.294093945927145', 'sim_cmc: 49.051670727384476
48.96499910215445
48.969911204430744
45.74113707027844
48.79994225548282
48.80306053149793
48.852498796499674
48.836157310046985
48.836157310046985
48.72205903492218
45.62232010304933
48.89772161402324
['sim_mpc: 46.37993994344302', 'sim_vhyb: 48.20481546690492', 'sim_cmc: 48.6453658455549
48.6102830316434
45.74647278884383
48.81419547177024
48.87904079174613
45.08486640081938
48.447744914319415
45.28393185575536
48.43072526644875
48.73804045474791
45.378137848681305
48.985868501136636
45.52209762275984
48.73246529948319
48.70257615438872
45.51892399224943
48.37987351880583
48.67140929510935
45.87625568641027
48.84509949478167
sim_cmc norway_ferry_3
['sim_mpc: 46.38115001994563', 'sim_vhyb: 48.18053431865148', 'sim_cmc: 48.59859141444635
48.668708377231845
48.80112575263979
45.408511938351054
48.59804590816542
48.61747001448943
45.60437356911647
48.67083336061038
45.28911801524536
49.05115841896126
48.495433094906176
46.24828550107148
48.27077303965897
48.57498253980618
48.72011041815112
45.538816831868786
48.497500396302456
48.890378513775396
45.29788628423593
48.7782206126998
45.618664012259536
48.80069965438723
48.89574418460819
45.1358348752417
48.83652425198896
48.67821992314063
45.437854437508314
48.83087518808719
48.950514059569755
48.96224842150957
48.72210827937101
46.019863516137875
49.079454312862666
['sim_mpc: 46.46066912758033', 'sim_vhyb: 48.25159359701666', 'sim_cmc: 45.62606819900139
49.08675606958487
45.19003142401436
48.758303314298516
['sim_mpc: 46.30885964701708', 'sim_vhyb: 48.12390566565779', 'sim_cmc: 45.35251576439368
45.47281823253812
48.72372324965762
45.243977599441216
48.99887977069271
48.47834890233697
45.65982550397938
48.95052717887409
45.59882517063063
48.94109418622979
49.27172508240733
44.92645477960048
48.96159268107555
45.344538471416314
48.85982644959979
48.88278883831546
45.35804249767565
49.00658406314284
45.54477307287878
48.83051442804676
45.54963318420196
48.90758816602521
['sim_mpc: 46.49260063892943', 'sim_vhyb: 48.29758069652423', 'sim_cmc: 45.460331479425136
49.01787262928088
45.29957558672466
48.90563470714902
45.158560440242816
48.68234868050217
45.42368575786881
49.002693801787345
45.858356415870254
45.858356415870254
49.05475399038814
['sim_mpc: 46.48778037028531', 'sim_vhyb: 48.28902788951658', 'sim_cmc: 45.44633908609966
48.78779363087429
45.24613939003386
49.29494239425994
49.16913977829543
45.70231822236741
49.08079087760312
45.25543448678875
48.79503815290395
48.72724516411432
45.267058251296255
48.83203316905758
45.31696258418573
48.730028986137704
48.81180729862864
44.986785423174894
48.8747250886286
['sim_mpc: 46.45210488957948', 'sim_vhyb: 48.263599180016065', 'sim_cmc: 48.93092541220834
48.913338140254396
49.34319113460191
44.99578962428057
48.812929757567105
48.3358321788883
49.09554470571556
45.18136860706408
48.861098576508994
45.30937585908294
