41.40492782572213
43.78076165890156
47.19810239346124
47.21546417411245
48.16802007818205
48.492360417653195
48.53048782794571
48.69541440110794
49.05716190811705
48.72236142268277
48.406357151617975
48.70161579000185
48.793567522851895
49.16881654582131
48.765521226857324
48.923672187568634
48.99107387809234
48.69493009952249
48.55060697681715
48.69340058992918
48.45037675607565
48.627547596228595
48.68657513903629
48.50523714533274
48.8994522422455
48.7266029198321
49.30557987539648
48.74798236949831
48.7619001592516
49.0689169318108
48.63994645087869
49.07344573523996
49.10485541110437
48.911120681383736
48.71658488918179
49.12323718622165
48.68639481282276
48.861043539951375
48.855152130121304
49.11185994364363
49.15808085712044
49.02061008324864
48.660566486704134
49.14745580193231
49.047191691308626
49.46982175939514
48.89102984339801
48.844186296601514
48.831803798944826
49.1171598309696
49.1574516595446
48.995707211304705
48.82934912171941
49.296493241474764
48.95528345078754
49.1252376596265
49.095812609324575
48.81638593092038
49.28181270038917
48.75317836208797
48.89137534635724
49.009505103813495
48.86071696677446
49.03556539072037
48.86630534745632
48.925398077838445
48.69181575606279
48.85004076499782
49.01022251241054
48.54558630463684
49.03653067201671
49.16710410996515
48.845716177437716
49.18781795399302
48.95682844466072
48.67034035369579
48.90323103652384
48.67403836894232
49.24327041722041
