41.70841618456024
46.10561647074246
48.46411811293225
48.469477618318884
48.92539339461756
48.763902878470326
48.922435927575236
49.07194162881164
49.36514181690617
48.33937691682987
48.8946810728399
49.208025168754546
49.32221182672769
49.44902463339362
48.79017176484858
48.998513524965915
48.381782841558596
49.07996361148393
49.56620049718038
49.189545162832424
48.71555379470584
48.66148292063245
49.3449883363662
49.90866909724913
49.12516281797383
48.2876802424875
49.440821154967914
48.02602367705077
48.46007529109987
49.083230410696274
48.10207538313648
49.06394374477383
49.149565874502805
49.32146347505372
49.26888260268048
48.948553589753125
49.18166477806852
